     1                                  ; WILLEM WILCOX
     2                                  ; Program 6
     3                                  ; 10/25/23
     4                                  ; If you're reading this, have a wonderful Halloween! :)
     5                                  
     6                                  
     7                                  ; for the record, my values are switched for ROWS and COLS, but its done intentionally
     8                                  ; (well, kind of, it started as an accident and now I'm too lazy and confused to try
     9                                  ;  change it. However, I am not too lazy to write an explaination)
    10                                  
    11                                  ROWS: EQU 80 ; constant for number of rows.
    12                                  COLS: EQU 24 ; constant for number of columns.
    13                                  
    14                                  SECTION .data
    15                                  
    16 00000000 200E210F2210231124-     surprise:  db 32, 14, 33, 15, 34, 16, 35, 17, 36, 18, 37, 19, 38, 20, 39, 21, 40, 22, 41, 23
    17 00000009 122513261427152816-
    18 00000012 2917               
    19 00000014 2A182B192C1A2D1B2E-     db 42, 24, 43, 25, 44, 26, 45, 27, 46, 28, 47, 29, 48, 30, 49, 31, 50, 32, 51, 33
    20 0000001D 1C2F1D301E311F3220-
    21 00000026 3321               
    22 00000028 342235233624372538-     db 52, 34, 53, 35, 54, 36, 55, 37, 56, 38, 57, 39, 58, 40, 59, 41, 60, 42, 61, 43
    23 00000031 2639273A283B293C2A-
    24 0000003A 3D2B               
    25 0000003C 3E2C3F2D402E412F42-     db 62, 44, 63, 45, 64, 46, 65, 47, 66, 48, 67, 49, 142, 50, 124, 51, 125, 52, 71, 53
    26 00000045 3043318E327C337D34-
    27 0000004E 4735               
    28 00000050 483689374C384D3965-     db 72, 54, 137, 55, 76, 56, 77, 57, 101, 58, 132, 59, 148, 60, 79, 61, 80, 62, 81, 63
    29 00000059 3A843B943C4F3D503E-
    30 00000062 513F               
    31 00000064 524053415442554356-     db 82, 64, 83, 65, 84, 66, 85, 67, 86, 68, 87, 69, 88, 70, 89, 71, 90, 72, 91, 73
    32 0000006D 445745584659475A48-
    33 00000076 5B49               
    34 00000078 5C4A5D4B5E4C5F4D60-     db 92, 74, 93, 75, 94, 76, 95, 77, 96, 78, 97, 79, 98, 80, 99, 81, 100, 82, 101, 83
    35 00000081 4E614F625063516452-
    36 0000008A 6553               
    37 0000008C 66546755685669576A-     db 102, 84, 103, 85, 104, 86, 105, 87, 106, 88, 107, 89, 108, 90, 109, 91, 110, 92, 111, 93
    38 00000095 586B596C5A6D5B6E5C-
    39 0000009E 6F5D               
    40 000000A0 200E210F2210231124-     db 32, 14, 33, 15, 34, 16, 35, 17, 36, 18, 37, 19, 38, 20, 39, 21, 40, 22, 41, 23
    41 000000A9 122513261427152816-
    42 000000B2 2917               
    43 000000B4 2A182B192C1A2D1B2E-     db 42, 24, 43, 25, 44, 26, 45, 27, 46, 28, 47, 29, 48, 30, 49, 31, 50, 32, 51, 33
    44 000000BD 1C2F1D301E311F3220-
    45 000000C6 3321               
    46 000000C8 342235233624372538-     db 52, 34, 53, 35, 54, 36, 55, 37, 56, 38, 57, 39, 58, 40, 59, 41, 60, 42, 61, 43
    47 000000D1 2639273A283B293C2A-
    48 000000DA 3D2B               
    49 000000DC 3E2C3F2D402E412F42-     db 62, 44, 63, 45, 64, 46, 65, 47, 66, 48, 67, 49, 131, 50, 72, 51, 125, 52, 126, 53
    50 000000E5 304331833248337D34-
    51 000000EE 7E35               
    52 000000F0 7F3649374A384B394C-     db 127, 54, 73, 55, 74, 56, 75, 57, 76, 58, 77, 59, 119, 60, 134, 61, 80, 62, 81, 63
    53 000000F9 3A4D3B773C863D503E-
    54 00000102 513F               
    55 00000104 524053415442554356-     db 82, 64, 83, 65, 84, 66, 85, 67, 86, 68, 87, 69, 88, 70, 89, 71, 90, 72, 91, 73
    56 0000010D 445745584659475A48-
    57 00000116 5B49               
    58 00000118 5C4A5D4B5E4C5F4D60-     db 92, 74, 93, 75, 94, 76, 95, 77, 96, 78, 97, 79, 98, 80, 99, 81, 100, 82, 101, 83
    59 00000121 4E614F625063516452-
    60 0000012A 6553               
    61 0000012C 66546755685669576A-     db 102, 84, 103, 85, 104, 86, 105, 87, 106, 88, 107, 89, 108, 90, 109, 91, 110, 92, 111, 93
    62 00000135 586B596C5A6D5B6E5C-
    63 0000013E 6F5D               
    64 00000140 200E210F2210231124-     db 32, 14, 33, 15, 34, 16, 35, 17, 36, 18, 37, 19, 38, 20, 39, 21, 40, 22, 41, 23
    65 00000149 122513261427152816-
    66 00000152 2917               
    67 00000154 2A182B192C1A2D1B2E-     db 42, 24, 43, 25, 44, 26, 45, 27, 46, 28, 47, 29, 48, 30, 49, 31, 50, 32, 51, 33
    68 0000015D 1C2F1D301E311F3220-
    69 00000166 3321               
    70 00000168 342235233624372538-     db 52, 34, 53, 35, 54, 36, 55, 37, 56, 38, 57, 39, 58, 40, 59, 41, 60, 42, 61, 43
    71 00000171 2639273A283B293C2A-
    72 0000017A 3D2B               
    73 0000017C 3E2C3F2D402E412F42-     db 62, 44, 63, 45, 64, 46, 65, 47, 66, 48, 141, 49, 123, 50, 124, 51, 125, 52, 126, 53
    74 00000185 308D317B327C337D34-
    75 0000018E 7E35               
    76 00000190 7F3649374A384B394C-     db 127, 54, 73, 55, 74, 56, 75, 57, 76, 58, 77, 59, 119, 60, 134, 61, 80, 62, 81, 63
    77 00000199 3A4D3B773C863D503E-
    78 000001A2 513F               
    79 000001A4 524053415442554356-     db 82, 64, 83, 65, 84, 66, 85, 67, 86, 68, 87, 69, 88, 70, 89, 71, 90, 72, 91, 73
    80 000001AD 445745584659475A48-
    81 000001B6 5B49               
    82 000001B8 5C4A5D4B5E4C5F4D60-     db 92, 74, 93, 75, 94, 76, 95, 77, 96, 78, 97, 79, 98, 80, 99, 81, 100, 82, 101, 83
    83 000001C1 4E614F625063516452-
    84 000001CA 6553               
    85 000001CC 66546755685669576A-     db 102, 84, 103, 85, 104, 86, 105, 87, 106, 88, 107, 89, 108, 90, 109, 91, 110, 92, 111, 93
    86 000001D5 586B596C5A6D5B6E5C-
    87 000001DE 6F5D               
    88 000001E0 200E210F2210231124-     db 32, 14, 33, 15, 34, 16, 35, 17, 36, 18, 37, 19, 38, 20, 39, 21, 40, 22, 41, 23
    89 000001E9 122513261427152816-
    90 000001F2 2917               
    91 000001F4 2A182B192C1A2D1B2E-     db 42, 24, 43, 25, 44, 26, 45, 27, 46, 28, 47, 29, 48, 30, 49, 31, 50, 32, 51, 33
    92 000001FD 1C2F1D301E311F3220-
    93 00000206 3321               
    94 00000208 342235233624372538-     db 52, 34, 53, 35, 54, 36, 55, 37, 56, 38, 57, 39, 58, 40, 122, 41, 123, 42, 73, 43
    95 00000211 2639273A287A297B2A-
    96 0000021A 492B               
    97 0000021C 972C982D992E9A2F9B-     db 151, 44, 152, 45, 153, 46, 154, 47, 155, 48, 122, 49, 123, 50, 124, 51, 125, 52, 126, 53
    98 00000225 307A317B327C337D34-
    99 0000022E 7E35               
   100 00000230 483649374A384B394C-     db 72, 54, 73, 55, 74, 56, 75, 57, 76, 58, 118, 59, 133, 60, 168, 61, 169, 62, 170, 63
   101 00000239 3A763B853CA83DA93E-
   102 00000242 AA3F               
   103 00000244 AB4092419342944356-     db 171, 64, 146, 65, 147, 66, 148, 67, 86, 68, 87, 69, 88, 70, 89, 71, 90, 72, 91, 73
   104 0000024D 445745584659475A48-
   105 00000256 5B49               
   106 00000258 5C4A5D4B5E4C5F4D60-     db 92, 74, 93, 75, 94, 76, 95, 77, 96, 78, 97, 79, 98, 80, 99, 81, 100, 82, 101, 83
   107 00000261 4E614F625063516452-
   108 0000026A 6553               
   109 0000026C 66546755685669576A-     db 102, 84, 103, 85, 104, 86, 105, 87, 106, 88, 107, 89, 108, 90, 109, 91, 110, 92, 111, 93
   110 00000275 586B596C5A6D5B6E5C-
   111 0000027E 6F5D               
   112 00000280 200E210F2210231124-     db 32, 14, 33, 15, 34, 16, 35, 17, 36, 18, 37, 19, 38, 20, 39, 21, 40, 22, 41, 23
   113 00000289 122513261427152816-
   114 00000292 2917               
   115 00000294 2A182B192C1A2D1B2E-     db 42, 24, 43, 25, 44, 26, 45, 27, 46, 28, 47, 29, 48, 30, 49, 31, 50, 32, 51, 33
   116 0000029D 1C2F1D301E311F3220-
   117 000002A6 3321               
   118 000002A8 342235237524812591-     db 52, 34, 53, 35, 117, 36, 129, 37, 145, 38, 112, 39, 113, 40, 107, 41, 62, 42, 123, 43
   119 000002B1 26702771286B293E2A-
   120 000002BA 7B2B               
   121 000002BC 7E2C7F2D422E812F50-     db 126, 44, 127, 45, 66, 46, 129, 47, 80, 48, 102, 49, 70, 50, 94, 51, 80, 52, 83, 53
   122 000002C5 30663146325E335034-
   123 000002CE 5335               
   124 000002D0 723649378938593999-     db 114, 54, 73, 55, 137, 56, 89, 57, 153, 58, 158, 59, 114, 60, 105, 61, 142, 62, 143, 63
   125 000002D9 3A9E3B723C693D8E3E-
   126 000002E2 8F3F               
   127 000002E4 54408A418B428C438D-     db 84, 64, 138, 65, 139, 66, 140, 67, 141, 68, 142, 69, 143, 70, 138, 71, 161, 72, 154, 73
   128 000002ED 448E458F468A47A148-
   129 000002F6 9A49               
   130 000002F8 9B4A5D4B5E4C5F4D60-     db 155, 74, 93, 75, 94, 76, 95, 77, 96, 78, 97, 79, 98, 80, 99, 81, 100, 82, 101, 83
   131 00000301 4E614F625063516452-
   132 0000030A 6553               
   133 0000030C 66546755685669576A-     db 102, 84, 103, 85, 104, 86, 105, 87, 106, 88, 107, 89, 108, 90, 109, 91, 110, 92, 111, 93
   134 00000315 586B596C5A6D5B6E5C-
   135 0000031E 6F5D               
   136 00000320 200E210F2210231124-     db 32, 14, 33, 15, 34, 16, 35, 17, 36, 18, 37, 19, 38, 20, 39, 21, 40, 22, 41, 23
   137 00000329 122513261427152816-
   138 00000332 2917               
   139 00000334 2A182B192C1A2D1B2E-     db 42, 24, 43, 25, 44, 26, 45, 27, 46, 28, 47, 29, 48, 30, 49, 31, 50, 32, 51, 33
   140 0000033D 1C2F1D301E311F3220-
   141 00000346 3321               
   142 00000348 7E227C236D24392576-     db 126, 34, 124, 35, 109, 36, 57, 37, 118, 38, 71, 39, 93, 40, 74, 41, 62, 42, 61, 43
   143 00000351 2647275D284A293E2A-
   144 0000035A 3D2B               
   145 0000035C 3E2C3F2D402E4F2F65-     db 62, 44, 63, 45, 64, 46, 79, 47, 101, 48, 74, 49, 68, 50, 69, 51, 70, 52, 71, 53
   146 00000365 304A31443245334634-
   147 0000036E 4735               
   148 00000370 483672374A384B394C-     db 72, 54, 114, 55, 74, 56, 75, 57, 76, 58, 77, 59, 142, 60, 115, 61, 94, 62, 81, 63
   149 00000379 3A4D3B8E3C733D5E3E-
   150 00000382 513F               
   151 00000384 52405341544255435D-     db 82, 64, 83, 65, 84, 66, 85, 67, 93, 68, 123, 69, 102, 70, 152, 71, 92, 72, 146, 73
   152 0000038D 447B45664698475C48-
   153 00000396 9249               
   154 00000398 8D4AA44B9D4C5F4D60-     db 141, 74, 164, 75, 157, 76, 95, 77, 96, 78, 97, 79, 98, 80, 99, 81, 100, 82, 101, 83
   155 000003A1 4E614F625063516452-
   156 000003AA 6553               
   157 000003AC 66546755685669576A-     db 102, 84, 103, 85, 104, 86, 105, 87, 106, 88, 107, 89, 108, 90, 109, 91, 110, 92, 111, 93
   158 000003B5 586B596C5A6D5B6E5C-
   159 000003BE 6F5D               
   160 000003C0 200E210F2210231124-     db 32, 14, 33, 15, 34, 16, 35, 17, 36, 18, 37, 19, 38, 20, 39, 21, 40, 22, 41, 23
   161 000003C9 122513261427152816-
   162 000003D2 2917               
   163 000003D4 2A182B192C1A2D1B2E-     db 42, 24, 43, 25, 44, 26, 45, 27, 46, 28, 47, 29, 48, 30, 49, 31, 124, 32, 106, 33
   164 000003DD 1C2F1D301E311F7C20-
   165 000003E6 6A21               
   166 000003E8 64227523362445255B-     db 100, 34, 117, 35, 54, 36, 69, 37, 91, 38, 59, 39, 58, 40, 59, 41, 60, 42, 61, 43
   167 000003F1 263B273A283B293C2A-
   168 000003FA 3D2B               
   169 000003FC 3E2C3F2D402E642F49-     db 62, 44, 63, 45, 64, 46, 100, 47, 73, 48, 67, 49, 68, 50, 69, 51, 70, 52, 71, 53
   170 00000405 304331443245334634-
   171 0000040E 4735               
   172 00000410 483672374A384B394C-     db 72, 54, 114, 55, 74, 56, 75, 57, 76, 58, 77, 59, 78, 60, 143, 61, 116, 62, 95, 63
   173 00000419 3A4D3B4E3C8F3D743E-
   174 00000422 5F3F               
   175 00000424 914053415442554356-     db 145, 64, 83, 65, 84, 66, 85, 67, 86, 68, 87, 69, 152, 70, 125, 71, 104, 72, 154, 73
   176 0000042D 44574598467D476848-
   177 00000436 9A49               
   178 00000438 5C4A5F4B8F4CA64D9F-     db 92, 74, 95, 75, 143, 76, 166, 77, 159, 78, 97, 79, 98, 80, 99, 81, 100, 82, 101, 83
   179 00000441 4E614F625063516452-
   180 0000044A 6553               
   181 0000044C 66546755685669576A-     db 102, 84, 103, 85, 104, 86, 105, 87, 106, 88, 107, 89, 108, 90, 109, 91, 110, 92, 111, 93
   182 00000455 586B596C5A6D5B6E5C-
   183 0000045E 6F5D               
   184 00000460 200E210F2210231124-     db 32, 14, 33, 15, 34, 16, 35, 17, 36, 18, 37, 19, 38, 20, 39, 21, 40, 22, 41, 23
   185 00000469 122513261427152816-
   186 00000472 2917               
   187 00000474 2A182B192C1A2D1B2E-     db 42, 24, 43, 25, 44, 26, 45, 27, 46, 28, 47, 29, 122, 30, 98, 31, 98, 32, 115, 33
   188 0000047D 1C2F1D7A1E621F6220-
   189 00000486 7321               
   190 00000488 3422352344245A2538-     db 52, 34, 53, 35, 68, 36, 90, 37, 56, 38, 57, 39, 58, 40, 59, 41, 72, 42, 129, 43
   191 00000491 2639273A283B29482A-
   192 0000049A 812B               
   193 0000049C 7C2C7D2D822E4F2F81-     db 124, 44, 125, 45, 130, 46, 79, 47, 129, 48, 67, 49, 68, 50, 69, 51, 70, 52, 71, 53
   194 000004A5 304331443245334634-
   195 000004AE 4735               
   196 000004B0 483672374A384B394C-     db 72, 54, 114, 55, 74, 56, 75, 57, 76, 58, 77, 59, 78, 60, 79, 61, 143, 62, 95, 63
   197 000004B9 3A4D3B4E3C4F3D8F3E-
   198 000004C2 5F3F               
   199 000004C4 964091419242974364-     db 150, 64, 145, 65, 146, 66, 151, 67, 100, 68, 87, 69, 88, 70, 89, 71, 154, 72, 127, 73
   200 000004CD 445745584659479A48-
   201 000004D6 7F49               
   202 000004D8 6A4A9C4B5E4C614D91-     db 106, 74, 156, 75, 94, 76, 97, 77, 145, 78, 168, 79, 98, 80, 99, 81, 100, 82, 101, 83
   203 000004E1 4EA84F625063516452-
   204 000004EA 6553               
   205 000004EC 66546755685669576A-     db 102, 84, 103, 85, 104, 86, 105, 87, 106, 88, 107, 89, 108, 90, 109, 91, 110, 92, 111, 93
   206 000004F5 586B596C5A6D5B6E5C-
   207 000004FE 6F5D               
   208 00000500 200E210F2210231124-     db 32, 14, 33, 15, 34, 16, 35, 17, 36, 18, 37, 19, 38, 20, 39, 21, 40, 22, 41, 23
   209 00000509 122513261427152816-
   210 00000512 2917               
   211 00000514 2A182B192C1A2D1B2E-     db 42, 24, 43, 25, 44, 26, 45, 27, 46, 28, 121, 29, 97, 30, 111, 31, 50, 32, 51, 33
   212 0000051D 1C791D611E6F1F3220-
   213 00000526 3321               
   214 00000528 422258233824372538-     db 66, 34, 88, 35, 56, 36, 55, 37, 56, 38, 57, 39, 73, 40, 123, 41, 60, 42, 61, 43
   215 00000531 26392749287B293C2A-
   216 0000053A 3D2B               
   217 0000053C 3E2C4D2D4B2E432F42-     db 62, 44, 77, 45, 75, 46, 67, 47, 66, 48, 127, 49, 68, 50, 69, 51, 70, 52, 71, 53
   218 00000545 307F31443245334634-
   219 0000054E 4735               
   220 00000550 483672374A384B394C-     db 72, 54, 114, 55, 74, 56, 75, 57, 76, 58, 77, 59, 78, 60, 94, 61, 80, 62, 83, 63
   221 00000559 3A4D3B4E3C5E3D503E-
   222 00000562 533F               
   223 00000564 5D4061415442554356-     db 93, 64, 97, 65, 84, 66, 85, 67, 86, 68, 151, 69, 148, 70, 89, 71, 90, 72, 91, 73
   224 0000056D 449745944659475A48-
   225 00000576 5B49               
   226 00000578 9C4A814B6C4C5F4D60-     db 156, 74, 129, 75, 108, 76, 95, 77, 96, 78, 153, 79, 147, 80, 99, 81, 100, 82, 101, 83
   227 00000581 4E994F935063516452-
   228 0000058A 6553               
   229 0000058C 66546755685669576A-     db 102, 84, 103, 85, 104, 86, 105, 87, 106, 88, 107, 89, 108, 90, 109, 91, 110, 92, 111, 93
   230 00000595 586B596C5A6D5B6E5C-
   231 0000059E 6F5D               
   232 000005A0 200E210F2210231124-     db 32, 14, 33, 15, 34, 16, 35, 17, 36, 18, 37, 19, 38, 20, 39, 21, 40, 22, 41, 23
   233 000005A9 122513261427152816-
   234 000005B2 2917               
   235 000005B4 2A182B192C1A2D1B78-     db 42, 24, 43, 25, 44, 26, 45, 27, 120, 28, 96, 29, 55, 30, 49, 31, 50, 32, 65, 33
   236 000005BD 1C601D371E311F3220-
   237 000005C6 4121               
   238 000005C8 57223C233624372538-     db 87, 34, 60, 35, 54, 36, 55, 37, 56, 38, 149, 39, 122, 40, 59, 41, 60, 42, 75, 43
   239 000005D1 2695277A283B293C2A-
   240 000005DA 4B2B               
   241 000005DC 402C3F2D402E412F42-     db 64, 44, 63, 45, 64, 46, 65, 47, 66, 48, 76, 49, 68, 50, 69, 51, 70, 52, 71, 53
   242 000005E5 304C31443245334634-
   243 000005EE 4735               
   244 000005F0 873672374A384B394C-     db 135, 54, 114, 55, 74, 56, 75, 57, 76, 58, 77, 59, 86, 60, 79, 61, 80, 62, 81, 63
   245 000005F9 3A4D3B563C4F3D503E-
   246 00000602 513F               
   247 00000604 524053415642634356-     db 82, 64, 83, 65, 86, 66, 99, 67, 86, 68, 87, 69, 180, 70, 89, 71, 90, 72, 91, 73
   248 0000060D 445745B44659475A48-
   249 00000616 5B49               
   250 00000618 5C4A9D4B824C6D4D60-     db 92, 74, 157, 75, 130, 76, 109, 77, 96, 78, 97, 79, 118, 80, 102, 81, 100, 82, 101, 83
   251 00000621 4E614F765066516452-
   252 0000062A 6553               
   253 0000062C 66546755685669576A-     db 102, 84, 103, 85, 104, 86, 105, 87, 106, 88, 107, 89, 108, 90, 109, 91, 110, 92, 111, 93
   254 00000635 586B596C5A6D5B6E5C-
   255 0000063E 6F5D               
   256 00000640 200E210F2210231124-     db 32, 14, 33, 15, 34, 16, 35, 17, 36, 18, 37, 19, 38, 20, 39, 21, 40, 22, 41, 23
   257 00000649 122513261427152816-
   258 00000652 2917               
   259 00000654 2A182B192C1A2D1B5F-     db 42, 24, 43, 25, 44, 26, 45, 27, 95, 28, 117, 29, 48, 30, 49, 31, 64, 32, 86, 33
   260 0000065D 1C751D301E311F4020-
   261 00000666 5621               
   262 00000668 342235233624372538-     db 52, 34, 53, 35, 54, 36, 55, 37, 56, 38, 65, 39, 58, 40, 59, 41, 60, 42, 69, 43
   263 00000671 2641273A283B293C2A-
   264 0000067A 452B               
   265 0000067C 3E2C3F2D402E412F51-     db 62, 44, 63, 45, 64, 46, 65, 47, 81, 48, 67, 49, 68, 50, 69, 51, 70, 52, 86, 53
   266 00000685 304331443245334634-
   267 0000068E 5635               
   268 00000690 4836583786384B394C-     db 72, 54, 88, 55, 134, 56, 75, 57, 76, 58, 77, 59, 78, 60, 139, 61, 80, 62, 81, 63
   269 00000699 3A4D3B4E3C8B3D503E-
   270 000006A2 513F               
   271 000006A4 5240534154425E4356-     db 82, 64, 83, 65, 84, 66, 94, 67, 86, 68, 87, 69, 97, 70, 89, 71, 90, 72, 91, 73
   272 000006AD 445745614659475A48-
   273 000006B6 5B49               
   274 000006B8 5C4A5D4B9E4C834D6E-     db 92, 74, 93, 75, 158, 76, 131, 77, 110, 78, 97, 79, 98, 80, 148, 81, 171, 82, 101, 83
   275 000006C1 4E614F62509451AB52-
   276 000006CA 6553               
   277 000006CC 66546755685669576A-     db 102, 84, 103, 85, 104, 86, 105, 87, 106, 88, 107, 89, 108, 90, 109, 91, 110, 92, 111, 93
   278 000006D5 586B596C5A6D5B6E5C-
   279 000006DE 6F5D               
   280 000006E0 200E210F2210231124-     db 32, 14, 33, 15, 34, 16, 35, 17, 36, 18, 37, 19, 38, 20, 39, 21, 40, 22, 41, 23
   281 000006E9 122513261427152816-
   282 000006F2 2917               
   283 000006F4 2A182B192C1A771B65-     db 42, 24, 43, 25, 44, 26, 119, 27, 101, 28, 47, 29, 48, 30, 49, 31, 85, 32, 58, 33
   284 000006FD 1C2F1D301E311F5520-
   285 00000706 3A21               
   286 00000708 342235233624372538-     db 52, 34, 53, 35, 54, 36, 55, 37, 56, 38, 57, 39, 118, 40, 122, 41, 123, 42, 121, 43
   287 00000711 26392776287A297B2A-
   288 0000071A 792B               
   289 0000071C 7D2C4D2D4B2E482F42-     db 125, 44, 77, 45, 75, 46, 72, 47, 66, 48, 67, 49, 68, 50, 69, 51, 85, 52, 71, 53
   290 00000725 304331443245335534-
   291 0000072E 4735               
   292 00000730 573649374A3887394C-     db 87, 54, 73, 55, 74, 56, 135, 57, 76, 58, 77, 59, 78, 60, 79, 61, 144, 62, 92, 63
   293 00000739 3A4D3B4E3C4F3D903E-
   294 00000742 5C3F               
   295 00000744 604092416342944395-     db 96, 64, 146, 65, 99, 66, 148, 67, 149, 68, 102, 69, 88, 70, 89, 71, 90, 72, 91, 73
   296 0000074D 446645584659475A48-
   297 00000756 5B49               
   298 00000758 5C4A5D4B5E4C9F4D84-     db 92, 74, 93, 75, 94, 76, 159, 77, 132, 78, 97, 79, 98, 80, 173, 81, 149, 82, 101, 83
   299 00000761 4E614F6250AD519552-
   300 0000076A 6553               
   301 0000076C 66546755685669576A-     db 102, 84, 103, 85, 104, 86, 105, 87, 106, 88, 107, 89, 108, 90, 109, 91, 110, 92, 111, 93
   302 00000775 586B596C5A6D5B6E5C-
   303 0000077E 6F5D               
   304 00000780 200E210F2210231124-     db 32, 14, 33, 15, 34, 16, 35, 17, 36, 18, 37, 19, 38, 20, 39, 21, 40, 22, 41, 23
   305 00000789 122513261427152816-
   306 00000792 2917               
   307 00000794 2A182B192C1A5E1B74-     db 42, 24, 43, 25, 44, 26, 94, 27, 116, 28, 47, 29, 48, 30, 49, 31, 85, 32, 51, 33
   308 0000079D 1C2F1D301E311F5520-
   309 000007A6 3321               
   310 000007A8 342235233624372538-     db 52, 34, 53, 35, 54, 36, 55, 37, 56, 38, 57, 39, 58, 40, 59, 41, 95, 42, 61, 43
   311 000007B1 2639273A283B295F2A-
   312 000007BA 3D2B               
   313 000007BC 3E2C3F2D402E412F42-     db 62, 44, 63, 45, 64, 46, 65, 47, 66, 48, 67, 49, 68, 50, 84, 51, 133, 52, 86, 53
   314 000007C5 304331443254338534-
   315 000007CE 5635               
   316 000007D0 483649374A384B3988-     db 72, 54, 73, 55, 74, 56, 75, 57, 136, 58, 77, 59, 78, 60, 79, 61, 80, 62, 81, 63
   317 000007D9 3A4D3B4E3C4F3D503E-
   318 000007E2 513F               
   319 000007E4 52405341544255437A-     db 82, 64, 83, 65, 84, 66, 85, 67, 122, 68, 87, 69, 88, 70, 89, 71, 90, 72, 91, 73
   320 000007ED 445745584659475A48-
   321 000007F6 5B49               
   322 000007F8 5C4A5D4B5E4C5F4D84-     db 92, 74, 93, 75, 94, 76, 95, 77, 132, 78, 97, 79, 98, 80, 99, 81, 149, 82, 176, 83
   323 00000801 4E614F625063519552-
   324 0000080A B053               
   325 0000080C 66546755685669576A-     db 102, 84, 103, 85, 104, 86, 105, 87, 106, 88, 107, 89, 108, 90, 109, 91, 110, 92, 111, 93
   326 00000815 586B596C5A6D5B6E5C-
   327 0000081E 6F5D               
   328 00000820 200E210F2210231124-     db 32, 14, 33, 15, 34, 16, 35, 17, 36, 18, 37, 19, 38, 20, 39, 21, 40, 22, 41, 23
   329 00000829 122513261427152816-
   330 00000832 2917               
   331 00000834 2A182B192C1A5E1B74-     db 42, 24, 43, 25, 44, 26, 94, 27, 116, 28, 47, 29, 48, 30, 49, 31, 85, 32, 51, 33
   332 0000083D 1C2F1D301E311F5520-
   333 00000846 3321               
   334 00000848 342235233624372538-     db 52, 34, 53, 35, 54, 36, 55, 37, 56, 38, 120, 39, 58, 40, 59, 41, 95, 42, 61, 43
   335 00000851 2678273A283B295F2A-
   336 0000085A 3D2B               
   337 0000085C 3E2C3F2D402E412F42-     db 62, 44, 63, 45, 64, 46, 65, 47, 66, 48, 67, 49, 68, 50, 129, 51, 133, 52, 131, 53
   338 00000865 304331443281338534-
   339 0000086E 8335               
   340 00000870 8736883789388A395B-     db 135, 54, 136, 55, 137, 56, 138, 57, 91, 58, 77, 59, 78, 60, 79, 61, 80, 62, 81, 63
   341 00000879 3A4D3B4E3C4F3D503E-
   342 00000882 513F               
   343 00000884 52405341544255437A-     db 82, 64, 83, 65, 84, 66, 85, 67, 122, 68, 87, 69, 88, 70, 152, 71, 90, 72, 91, 73
   344 0000088D 445745584698475A48-
   345 00000896 5B49               
   346 00000898 5C4A5D4B5E4C5F4D84-     db 92, 74, 93, 75, 94, 76, 95, 77, 132, 78, 97, 79, 98, 80, 99, 81, 149, 82, 139, 83
   347 000008A1 4E614F625063519552-
   348 000008AA 8B53               
   349 000008AC 66546755685669576A-     db 102, 84, 103, 85, 104, 86, 105, 87, 106, 88, 107, 89, 108, 90, 109, 91, 110, 92, 111, 93
   350 000008B5 586B596C5A6D5B6E5C-
   351 000008BE 6F5D               
   352 000008C0 200E210F2210231124-     db 32, 14, 33, 15, 34, 16, 35, 17, 36, 18, 37, 19, 38, 20, 39, 21, 40, 22, 41, 23
   353 000008C9 122513261427152816-
   354 000008D2 2917               
   355 000008D4 2A182B192C1A5E1B5A-     db 42, 24, 43, 25, 44, 26, 94, 27, 90, 28, 47, 29, 48, 30, 49, 31, 85, 32, 51, 33
   356 000008DD 1C2F1D301E311F5520-
   357 000008E6 3321               
   358 000008E8 342235233624372538-     db 52, 34, 53, 35, 54, 36, 55, 37, 56, 38, 117, 39, 122, 40, 70, 41, 74, 42, 124, 43
   359 000008F1 2675277A2846294A2A-
   360 000008FA 7C2B               
   361 000008FC 7D2C3F2D402E412F42-     db 125, 44, 63, 45, 64, 46, 65, 47, 66, 48, 67, 49, 131, 50, 132, 51, 133, 52, 134, 53
   362 00000905 304331833284338534-
   363 0000090E 8635               
   364 00000910 8736883789384B394C-     db 135, 54, 136, 55, 137, 56, 75, 57, 76, 58, 77, 59, 78, 60, 79, 61, 143, 62, 144, 63
   365 00000919 3A4D3B4E3C4F3D8F3E-
   366 00000922 903F               
   367 00000924 914092419342944364-     db 145, 64, 146, 65, 147, 66, 148, 67, 100, 68, 98, 69, 95, 70, 104, 71, 90, 72, 91, 73
   368 0000092D 4462455F4668475A48-
   369 00000936 5B49               
   370 00000938 5C4A5D4B5E4C5F4D84-     db 92, 74, 93, 75, 94, 76, 95, 77, 132, 78, 97, 79, 98, 80, 99, 81, 149, 82, 139, 83
   371 00000941 4E614F625063519552-
   372 0000094A 8B53               
   373 0000094C 66546755685669576A-     db 102, 84, 103, 85, 104, 86, 105, 87, 106, 88, 107, 89, 108, 90, 109, 91, 110, 92, 111, 93
   374 00000955 586B596C5A6D5B6E5C-
   375 0000095E 6F5D               
   376 00000960 200E210F2210231124-     db 32, 14, 33, 15, 34, 16, 35, 17, 36, 18, 37, 19, 38, 20, 39, 21, 40, 22, 41, 23
   377 00000969 122513261427152816-
   378 00000972 2917               
   379 00000974 2A182B192C1A4F1B34-     db 42, 24, 43, 25, 44, 26, 79, 27, 52, 28, 47, 29, 48, 30, 49, 31, 85, 32, 65, 33
   380 0000097D 1C2F1D301E311F5520-
   381 00000986 4121               
   382 00000988 342235233624372538-     db 52, 34, 53, 35, 54, 36, 55, 37, 56, 38, 57, 39, 118, 40, 59, 41, 60, 42, 61, 43
   383 00000991 26392776283B293C2A-
   384 0000099A 3D2B               
   385 0000099C 7A2C9B2D402E412F42-     db 122, 44, 155, 45, 64, 46, 65, 47, 66, 48, 67, 49, 160, 50, 161, 51, 70, 52, 71, 53
   386 000009A5 304331A032A1334634-
   387 000009AE 4735               
   388 000009B0 483649374A38A7394C-     db 72, 54, 73, 55, 74, 56, 167, 57, 76, 58, 77, 59, 78, 60, 79, 61, 172, 62, 173, 63
   389 000009B9 3A4D3B4E3C4F3DAC3E-
   390 000009C2 AD3F               
   391 000009C4 524053415442554356-     db 82, 64, 83, 65, 84, 66, 85, 67, 86, 68, 87, 69, 103, 70, 89, 71, 90, 72, 91, 73
   392 000009CD 445745674659475A48-
   393 000009D6 5B49               
   394 000009D8 5C4A5D4B5E4C5F4D84-     db 92, 74, 93, 75, 94, 76, 95, 77, 132, 78, 97, 79, 98, 80, 99, 81, 149, 82, 171, 83
   395 000009E1 4E614F625063519552-
   396 000009EA AB53               
   397 000009EC 66546755685669576A-     db 102, 84, 103, 85, 104, 86, 105, 87, 106, 88, 107, 89, 108, 90, 109, 91, 110, 92, 111, 93
   398 000009F5 586B596C5A6D5B6E5C-
   399 000009FE 6F5D               
   400 00000A00 200E210F2210231124-     db 32, 14, 33, 15, 34, 16, 35, 17, 36, 18, 37, 19, 38, 20, 39, 21, 40, 22, 41, 23
   401 00000A09 122513261427152816-
   402 00000A12 2917               
   403 00000A14 2A182B192C1A771B5F-     db 42, 24, 43, 25, 44, 26, 119, 27, 95, 28, 47, 29, 48, 30, 49, 31, 114, 32, 86, 33
   404 00000A1D 1C2F1D301E311F7220-
   405 00000A26 5621               
   406 00000A28 422235233624372538-     db 66, 34, 53, 35, 54, 36, 55, 37, 56, 38, 57, 39, 58, 40, 119, 41, 60, 42, 61, 43
   407 00000A31 2639273A2877293C2A-
   408 00000A3A 3D2B               
   409 00000A3C 3E2C9B2D7F2E802F81-     db 62, 44, 155, 45, 127, 46, 128, 47, 129, 48, 130, 49, 160, 50, 84, 51, 70, 52, 71, 53
   410 00000A45 308231A03254334634-
   411 00000A4E 4735               
   412 00000A50 483649374A38A7398B-     db 72, 54, 73, 55, 74, 56, 167, 57, 139, 58, 140, 59, 141, 60, 142, 61, 172, 62, 96, 63
   413 00000A59 3A8C3B8D3C8E3DAC3E-
   414 00000A62 603F               
   415 00000A64 914092415442554356-     db 145, 64, 146, 65, 84, 66, 85, 67, 86, 68, 102, 69, 88, 70, 89, 71, 90, 72, 91, 73
   416 00000A6D 446645584659475A48-
   417 00000A76 5B49               
   418 00000A78 5C4A5D4B6C4C834D67-     db 92, 74, 93, 75, 108, 76, 131, 77, 103, 78, 97, 79, 98, 80, 99, 81, 174, 82, 156, 83
   419 00000A81 4E614F62506351AE52-
   420 00000A8A 9C53               
   421 00000A8C 66546755685669576A-     db 102, 84, 103, 85, 104, 86, 105, 87, 106, 88, 107, 89, 108, 90, 109, 91, 110, 92, 111, 93
   422 00000A95 586B596C5A6D5B6E5C-
   423 00000A9E 6F5D               
   424 00000AA0 200E210F2210231124-     db 32, 14, 33, 15, 34, 16, 35, 17, 36, 18, 37, 19, 38, 20, 39, 21, 40, 22, 41, 23
   425 00000AA9 122513261427152816-
   426 00000AB2 2917               
   427 00000AB4 2A182B192C1A2D1B62-     db 42, 24, 43, 25, 44, 26, 45, 27, 98, 28, 96, 29, 48, 30, 49, 31, 50, 32, 115, 33
   428 00000ABD 1C601D301E311F3220-
   429 00000AC6 7321               
   430 00000AC8 572243233624372538-     db 87, 34, 67, 35, 54, 36, 55, 37, 56, 38, 57, 39, 58, 40, 59, 41, 120, 42, 75, 43
   431 00000AD1 2639273A283B29782A-
   432 00000ADA 4B2B               
   433 00000ADC 7D2C3F2D402E412F82-     db 125, 44, 63, 45, 64, 46, 65, 47, 130, 48, 78, 49, 82, 50, 132, 51, 133, 52, 134, 53
   434 00000AE5 304E31523284338534-
   435 00000AEE 8635               
   436 00000AF0 8736883789388A398B-     db 135, 54, 136, 55, 137, 56, 138, 57, 139, 58, 140, 59, 141, 60, 94, 61, 143, 62, 144, 63
   437 00000AF9 3A8C3B8D3C5E3D8F3E-
   438 00000B02 903F               
   439 00000B04 91406241B042944365-     db 145, 64, 98, 65, 176, 66, 148, 67, 101, 68, 87, 69, 88, 70, 89, 71, 90, 72, 91, 73
   440 00000B0D 445745584659475A48-
   441 00000B16 5B49               
   442 00000B18 5C4A6B4B824C664D60-     db 92, 74, 107, 75, 130, 76, 102, 77, 96, 78, 97, 79, 98, 80, 173, 81, 149, 82, 165, 83
   443 00000B21 4E614F6250AD519552-
   444 00000B2A A553               
   445 00000B2C 66546755685669576A-     db 102, 84, 103, 85, 104, 86, 105, 87, 106, 88, 107, 89, 108, 90, 109, 91, 110, 92, 111, 93
   446 00000B35 586B596C5A6D5B6E5C-
   447 00000B3E 6F5D               
   448 00000B40 200E210F2210231124-     db 32, 14, 33, 15, 34, 16, 35, 17, 36, 18, 37, 19, 38, 20, 39, 21, 40, 22, 41, 23
   449 00000B49 122513261427152816-
   450 00000B52 2917               
   451 00000B54 2A182B192C1A2D1B2E-     db 42, 24, 43, 25, 44, 26, 45, 27, 46, 28, 72, 29, 97, 30, 49, 31, 50, 32, 51, 33
   452 00000B5D 1C481D611E311F3220-
   453 00000B66 3321               
   454 00000B68 742258234424372538-     db 116, 34, 88, 35, 68, 36, 55, 37, 56, 38, 57, 39, 58, 40, 59, 41, 60, 42, 96, 43
   455 00000B71 2639273A283B293C2A-
   456 00000B7A 602B               
   457 00000B7C 4C2C7F2D4B2E4F2F81-     db 76, 44, 127, 45, 75, 46, 79, 47, 129, 48, 67, 49, 68, 50, 69, 51, 70, 52, 71, 53
   458 00000B85 304331443245334634-
   459 00000B8E 4735               
   460 00000B90 483649374A384B394C-     db 72, 54, 73, 55, 74, 56, 75, 57, 76, 58, 77, 59, 170, 60, 79, 61, 80, 62, 81, 63
   461 00000B99 3A4D3BAA3C4F3D503E-
   462 00000BA2 513F               
   463 00000BA4 AE406241624279435D-     db 174, 64, 98, 65, 98, 66, 121, 67, 93, 68, 87, 69, 88, 70, 89, 71, 90, 72, 91, 73
   464 00000BAD 445745584659475A48-
   465 00000BB6 5B49               
   466 00000BB8 6A4A814B654C5F4D60-     db 106, 74, 129, 75, 101, 76, 95, 77, 96, 78, 97, 79, 172, 80, 148, 81, 107, 82, 101, 83
   467 00000BC1 4E614FAC5094516B52-
   468 00000BCA 6553               
   469 00000BCC 66546755685669576A-     db 102, 84, 103, 85, 104, 86, 105, 87, 106, 88, 107, 89, 108, 90, 109, 91, 110, 92, 111, 93
   470 00000BD5 586B596C5A6D5B6E5C-
   471 00000BDE 6F5D               
   472 00000BE0 200E210F2210231124-     db 32, 14, 33, 15, 34, 16, 35, 17, 36, 18, 37, 19, 38, 20, 39, 21, 40, 22, 41, 23
   473 00000BE9 122513261427152816-
   474 00000BF2 2917               
   475 00000BF4 2A182B192C1A2D1B2E-     db 42, 24, 43, 25, 44, 26, 45, 27, 46, 28, 47, 29, 50, 30, 98, 31, 121, 32, 51, 33
   476 00000BFD 1C2F1D321E621F7920-
   477 00000C06 3321               
   478 00000C08 342275235924452538-     db 52, 34, 117, 35, 89, 36, 69, 37, 56, 38, 57, 39, 58, 40, 59, 41, 60, 42, 125, 43
   479 00000C11 2639273A283B293C2A-
   480 00000C1A 7D2B               
   481 00000C1C 612C4D2D402E412F42-     db 97, 44, 77, 45, 64, 46, 65, 47, 66, 48, 131, 49, 70, 50, 80, 51, 83, 52, 84, 53
   482 00000C25 308331463250335334-
   483 00000C2E 5435               
   484 00000C30 553656375738583959-     db 85, 54, 86, 55, 87, 56, 88, 57, 89, 58, 84, 59, 78, 60, 79, 61, 80, 62, 88, 63
   485 00000C39 3A543B4E3C4F3D503E-
   486 00000C42 583F               
   487 00000C44 5240614178425C4356-     db 82, 64, 97, 65, 120, 66, 92, 67, 86, 68, 87, 69, 88, 70, 89, 71, 90, 72, 105, 73
   488 00000C4D 445745584659475A48-
   489 00000C56 6949               
   490 00000C58 804A644B5E4C5F4D60-     db 128, 74, 100, 75, 94, 76, 95, 77, 96, 78, 177, 79, 153, 80, 163, 81, 100, 82, 101, 83
   491 00000C61 4EB14F9950A3516452-
   492 00000C6A 6553               
   493 00000C6C 66546755685669576A-     db 102, 84, 103, 85, 104, 86, 105, 87, 106, 88, 107, 89, 108, 90, 109, 91, 110, 92, 111, 93
   494 00000C75 586B596C5A6D5B6E5C-
   495 00000C7E 6F5D               
   496 00000C80 200E210F2210231124-     db 32, 14, 33, 15, 34, 16, 35, 17, 36, 18, 37, 19, 38, 20, 39, 21, 40, 22, 41, 23
   497 00000C89 122513261427152816-
   498 00000C92 2917               
   499 00000C94 2A182B192C1A2D1B2E-     db 42, 24, 43, 25, 44, 26, 45, 27, 46, 28, 47, 29, 48, 30, 111, 31, 105, 32, 100, 33
   500 00000C9D 1C2F1D301E6F1F6920-
   501 00000CA6 6421               
   502 00000CA8 8D22352376245A2546-     db 141, 34, 53, 35, 118, 36, 90, 37, 70, 38, 57, 39, 58, 40, 59, 41, 60, 42, 61, 43
   503 00000CB1 2639273A283B293C2A-
   504 00000CBA 3D2B               
   505 00000CBC 7E2C622D4E2E412F42-     db 126, 44, 98, 45, 78, 46, 65, 47, 66, 48, 67, 49, 68, 50, 69, 51, 70, 52, 71, 53
   506 00000CC5 304331443245334634-
   507 00000CCE 4735               
   508 00000CD0 483672374A384B394C-     db 72, 54, 114, 55, 74, 56, 75, 57, 76, 58, 77, 59, 78, 60, 79, 61, 80, 62, 81, 63
   509 00000CD9 3A4D3B4E3C4F3D503E-
   510 00000CE2 513F               
   511 00000CE4 604077415B42554356-     db 96, 64, 119, 65, 91, 66, 85, 67, 86, 68, 87, 69, 88, 70, 152, 71, 104, 72, 127, 73
   512 00000CED 445745584698476848-
   513 00000CF6 7F49               
   514 00000CF8 634A5D4BB74C964D62-     db 99, 74, 93, 75, 183, 76, 150, 77, 98, 78, 97, 79, 98, 80, 99, 81, 100, 82, 101, 83
   515 00000D01 4E614F625063516452-
   516 00000D0A 6553               
   517 00000D0C 66546755685669576A-     db 102, 84, 103, 85, 104, 86, 105, 87, 106, 88, 107, 89, 108, 90, 109, 91, 110, 92, 111, 93
   518 00000D15 586B596C5A6D5B6E5C-
   519 00000D1E 6F5D               
   520 00000D20 200E210F2210231124-     db 32, 14, 33, 15, 34, 16, 35, 17, 36, 18, 37, 19, 38, 20, 39, 21, 40, 22, 41, 23
   521 00000D29 122513261427152816-
   522 00000D32 2917               
   523 00000D34 2A182B192C1A2D1B2E-     db 42, 24, 43, 25, 44, 26, 45, 27, 46, 28, 47, 29, 48, 30, 49, 31, 50, 32, 113, 33
   524 00000D3D 1C2F1D301E311F3220-
   525 00000D46 7121               
   526 00000D48 4D2266238F24762578-     db 77, 34, 102, 35, 143, 36, 118, 37, 120, 38, 92, 39, 72, 40, 59, 41, 60, 42, 61, 43
   527 00000D51 265C2748283B293C2A-
   528 00000D5A 3D2B               
   529 00000D5C 3E2C7F2D632E4F2F42-     db 62, 44, 127, 45, 99, 46, 79, 47, 66, 48, 67, 49, 68, 50, 69, 51, 70, 52, 71, 53
   530 00000D65 304331443245334634-
   531 00000D6E 4735               
   532 00000D70 483672374A384B394C-     db 72, 54, 114, 55, 74, 56, 75, 57, 76, 58, 77, 59, 78, 60, 79, 61, 80, 62, 95, 63
   533 00000D79 3A4D3B4E3C4F3D503E-
   534 00000D82 5F3F               
   535 00000D84 76405A415442554356-     db 118, 64, 90, 65, 84, 66, 85, 67, 86, 68, 150, 69, 102, 70, 125, 71, 90, 72, 165, 73
   536 00000D8D 44964566467D475A48-
   537 00000D96 A549               
   538 00000D98 A34A944B604C5F4D60-     db 163, 74, 148, 75, 96, 76, 95, 77, 96, 78, 97, 79, 98, 80, 99, 81, 100, 82, 101, 83
   539 00000DA1 4E614F625063516452-
   540 00000DAA 6553               
   541 00000DAC 66546755685669576A-     db 102, 84, 103, 85, 104, 86, 105, 87, 106, 88, 107, 89, 108, 90, 109, 91, 110, 92, 111, 93
   542 00000DB5 586B596C5A6D5B6E5C-
   543 00000DBE 6F5D               
   544 00000DC0 200E210F2210231124-     db 32, 14, 33, 15, 34, 16, 35, 17, 36, 18, 37, 19, 38, 20, 39, 21, 40, 22, 41, 23
   545 00000DC9 122513261427152816-
   546 00000DD2 2917               
   547 00000DD4 2A182B192C1A2D1B2E-     db 42, 24, 43, 25, 44, 26, 45, 27, 46, 28, 47, 29, 48, 30, 49, 31, 50, 32, 51, 33
   548 00000DDD 1C2F1D301E311F3220-
   549 00000DE6 3321               
   550 00000DE8 34223523762450256F-     db 52, 34, 53, 35, 118, 36, 80, 37, 111, 38, 106, 39, 129, 40, 94, 41, 74, 42, 124, 43
   551 00000DF1 266A2781285E294A2A-
   552 00000DFA 7C2B               
   553 00000DFC 7D2C3F2D802E642F50-     db 125, 44, 63, 45, 128, 46, 100, 47, 80, 48, 67, 49, 68, 50, 69, 51, 70, 52, 71, 53
   554 00000E05 304331443245334634-
   555 00000E0E 4735               
   556 00000E10 483672374A384B394C-     db 72, 54, 114, 55, 74, 56, 75, 57, 76, 58, 77, 59, 78, 60, 79, 61, 94, 62, 117, 63
   557 00000E19 3A4D3B4E3C4F3D5E3E-
   558 00000E22 753F               
   559 00000E24 594053415442944364-     db 89, 64, 83, 65, 84, 66, 148, 67, 100, 68, 123, 69, 168, 70, 121, 71, 122, 72, 93, 73
   560 00000E2D 447B45A84679477A48-
   561 00000E36 5D49               
   562 00000E38 9C4A5D4B5E4C5F4D60-     db 156, 74, 93, 75, 94, 76, 95, 77, 96, 78, 97, 79, 98, 80, 99, 81, 100, 82, 101, 83
   563 00000E41 4E614F625063516452-
   564 00000E4A 6553               
   565 00000E4C 66546755685669576A-     db 102, 84, 103, 85, 104, 86, 105, 87, 106, 88, 107, 89, 108, 90, 109, 91, 110, 92, 111, 93
   566 00000E55 586B596C5A6D5B6E5C-
   567 00000E5E 6F5D               
   568 00000E60 200E210F2210231124-     db 32, 14, 33, 15, 34, 16, 35, 17, 36, 18, 37, 19, 38, 20, 39, 21, 40, 22, 41, 23
   569 00000E69 122513261427152816-
   570 00000E72 2917               
   571 00000E74 2A182B192C1A2D1B2E-     db 42, 24, 43, 25, 44, 26, 45, 27, 46, 28, 47, 29, 48, 30, 49, 31, 50, 32, 51, 33
   572 00000E7D 1C2F1D301E311F3220-
   573 00000E86 3321               
   574 00000E88 342235233624372538-     db 52, 34, 53, 35, 54, 36, 55, 37, 56, 38, 57, 39, 122, 40, 61, 41, 62, 42, 86, 43
   575 00000E91 2639277A283D293E2A-
   576 00000E9A 562B               
   577 00000E9C 752C702D712E882F89-     db 117, 44, 112, 45, 113, 46, 136, 47, 137, 48, 156, 49, 157, 50, 158, 51, 159, 52, 160, 53
   578 00000EA5 309C319D329E339F34-
   579 00000EAE A035               
   580 00000EB0 A1369037A338A439A5-     db 161, 54, 144, 55, 163, 56, 164, 57, 165, 58, 166, 59, 167, 60, 128, 61, 151, 62, 152, 63
   581 00000EB9 3AA63BA73C803D973E-
   582 00000EC2 983F               
   583 00000EC4 83408A4185427D4358-     db 131, 64, 138, 65, 133, 66, 125, 67, 88, 68, 89, 69, 88, 70, 89, 71, 90, 72, 91, 73
   584 00000ECD 445945584659475A48-
   585 00000ED6 5B49               
   586 00000ED8 5C4A5D4B5E4C5F4D60-     db 92, 74, 93, 75, 94, 76, 95, 77, 96, 78, 97, 79, 98, 80, 99, 81, 100, 82, 101, 83
   587 00000EE1 4E614F625063516452-
   588 00000EEA 6553               
   589 00000EEC 66546755685669576A-     db 102, 84, 103, 85, 104, 86, 105, 87, 106, 88, 107, 89, 108, 90, 109, 91, 110, 92, 111, 93
   590 00000EF5 586B596C5A6D5B6E5C-
   591 00000EFE 6F5D               
   592                                  
   593 00000F00 0A                      cr:  db 0ah  ; carriage return character
   594                                  
   595 00000F01 50000000                CurrentRow: dd ROWS
   596 00000F05 00000000                CurrentCol: dd 0
   597                                  
   598                                  SECTION .bss
   599                                  ; define uninitialized data here
   600 00000000 <res 00000050>          CurrentLine: RESB ROWS
   601                                  
   602                                  
   603                                  SECTION .text
   604                                  global _main
   605                                  _main:
   606                                  
   607                                    ; The general structure of the main program is as follows (java/c++ like example)
   608                                    ; for (CurrentCol = 0; CC < COLS - 1; CC++) {
   609                                    ;             for (CurrentRow = 79; CR > 0; CR--) {
   610                                    ;             currentLine[CR] = surprise[CC][CR] - CR;
   611                                    ;             }
   612                                    ;             System.out.println(currentLine);
   613                                    ; }
   614                                  
   615                                    ; start first loop (for columns)
   616                                    ; begins : first loop // main loop
   617                                    ; ends   : when [CurrentCol] > (COLS - 1)
   618                                  col_loop:
   619 00000000 FF05[050F0000]              inc dword[CurrentCol]
   620 00000006 A1[050F0000]                mov eax,[CurrentCol]
   621 0000000B BA18000000                  mov edx,COLS
   622 00000010 83EA01                      sub edx,1
   623 00000013 39D0                        cmp eax,edx
   624 00000015 0F8D87000000                jnl exit_loops
   625                                  
   626 0000001B C705[010F0000]5000-         mov dword[CurrentRow],ROWS ; reset ROWS counter
   627 00000023 0000               
   628                                  
   629                                  ; start second loop (for rows)
   630                                  ; begins : for each iteration of col_loop
   631                                  ; ends   : when [CurrentRow] < 0
   632                                  row_loop:
   633 00000025 FF0D[010F0000]              dec dword[CurrentRow]
   634 0000002B A1[010F0000]                mov eax,[CurrentRow]
   635 00000030 83F8FF                      cmp eax,-1
   636 00000033 7E3C                        jng print_line
   637                                  
   638                                      ; row_loop main
   639 00000035 A1[050F0000]                mov eax,[CurrentCol] ; begin prepping index val
   640 0000003A BB50000000                  mov ebx,ROWS
   641 0000003F F7E3                        mul ebx
   642                                   
   643 00000041 0305[010F0000]              add eax,dword[CurrentRow]
   644 00000047 BB02000000                  mov ebx,2
   645 0000004C F7E3                        mul ebx
   646 0000004E 89C3                        mov ebx,eax
   647                                          
   648 00000050 BA[00000000]                mov edx,surprise ; add address of surprise to index
   649                                  
   650 00000055 0FB60C1A                    movzx ecx,byte[edx + ebx] ; ecx now holds current letter item
   651 00000059 A1[010F0000]                mov eax,[CurrentRow]
   652 0000005E 29C1                        sub ecx,eax ; decrypt by subtracting placement value from item value
   653                                  
   654 00000060 BB[00000000]                mov ebx,CurrentLine ; store address of CurLine
   655 00000065 031D[010F0000]              add ebx,[CurrentRow]
   656 0000006B 89C8                        mov eax, ecx
   657 0000006D 8803                        mov BYTE[ebx],al ; moves the char in eax into CurLine
   658                                  
   659 0000006F EBB4                        jmp row_loop
   660                                  
   661                                  ; once per loop call to print result from row_loop
   662                                  print_line:
   663 00000071 B804000000                  mov eax, 4 ; sys write
   664 00000076 BB01000000                  mov ebx, 1 ; std out
   665 0000007B B9[00000000]                mov ecx, CurrentLine ; starting address
   666 00000080 BA50000000                  mov edx, ROWS ; length
   667 00000085 CD80                        int 80h
   668                                  
   669                                      ; print new line
   670 00000087 B804000000                  mov eax, 4
   671 0000008C BB01000000                  mov ebx, 1
   672 00000091 B9[000F0000]                mov ecx, cr
   673 00000096 BA01000000                  mov edx, 1
   674 0000009B CD80                        int 80h
   675                                  
   676                                      ; proceed with main loop
   677 0000009D E95EFFFFFF                  jmp col_loop
   678                                  
   679                                  
   680                                  exit_loops:
   681                                  
   682                                  
   683                                  lastBreak:
   684                                  ; Normal termination code
   685 000000A2 B801000000              mov eax, 1
   686 000000A7 BB00000000              mov ebx, 0
   687 000000AC CD80                    int 80h
